TN:
SF:src/week1/hw3-AdminToken.sol
FN:15,AdminToken.allowance
FNDA:0,AdminToken.allowance
DA:19,1
DA:19,1
BRDA:19,0,0,1
BRDA:19,0,1,-
DA:20,1
DA:20,1
DA:22,0
DA:22,0
DA:22,0
FNF:1
FNH:0
LF:3
LH:2
BRF:2
BRH:1
end_of_record
TN:
SF:src/week1/hw4-BondCurveToken.sol
FN:20,BondCurveToken.getBuyPriceInWei
FNDA:7,BondCurveToken.getBuyPriceInWei
DA:21,7
DA:21,7
DA:21,7
DA:22,7
DA:22,7
DA:22,7
DA:24,7
DA:24,7
DA:30,7
DA:30,7
FN:33,BondCurveToken.getSellPriceInWei
FNDA:1,BondCurveToken.getSellPriceInWei
DA:34,1
DA:34,1
DA:34,1
DA:36,1
DA:36,1
DA:36,1
DA:38,1
DA:38,1
DA:44,1
DA:44,1
FN:47,BondCurveToken.buy
FNDA:4,BondCurveToken.buy
DA:48,4
DA:48,4
DA:48,4
DA:49,4
DA:49,4
BRDA:49,0,0,1
BRDA:49,0,1,3
DA:50,1
DA:50,1
DA:53,3
DA:53,3
FN:56,BondCurveToken.sell
FNDA:1,BondCurveToken.sell
DA:57,1
DA:57,1
DA:57,1
DA:58,1
DA:58,1
BRDA:58,1,0,-
BRDA:58,1,1,1
DA:59,0
DA:59,0
DA:62,1
DA:62,1
DA:63,1
DA:63,1
FNF:4
FNH:4
LF:17
LH:16
BRF:4
BRH:3
end_of_record
TN:
SF:src/week1/hw5-SanctionToken.sol
FN:34,SanctionToken.ban
FNDA:3,SanctionToken.ban
DA:35,3
DA:35,3
BRDA:35,0,0,1
BRDA:35,0,1,2
DA:36,1
DA:36,1
DA:38,2
DA:38,2
FN:41,SanctionToken.unban
FNDA:0,SanctionToken.unban
DA:42,0
DA:42,0
BRDA:42,1,0,-
BRDA:42,1,1,-
DA:43,0
DA:43,0
DA:45,0
DA:45,0
FN:48,SanctionToken.isSanctioned
FNDA:0,SanctionToken.isSanctioned
DA:49,0
DA:49,0
FN:52,SanctionToken._update
FNDA:7,SanctionToken._update
DA:57,7
BRDA:57,2,0,1
BRDA:57,2,1,6
DA:58,1
DA:58,1
DA:59,6
BRDA:59,3,0,1
BRDA:59,3,1,5
DA:60,1
DA:60,1
DA:62,5
DA:62,5
FNF:4
FNH:2
LF:12
LH:8
BRF:8
BRH:6
end_of_record
TN:
SF:src/week2/hw4-ecosystem1/LimitedNFT.sol
FN:45,LimitedNFT.mintDiscounted
FNDA:5,LimitedNFT.mintDiscounted
DA:46,5
DA:46,5
DA:46,5
DA:47,5
DA:47,5
DA:47,5
DA:50,5
DA:50,5
BRDA:50,0,0,1
BRDA:50,0,1,4
DA:50,1
DA:53,4
DA:53,4
BRDA:53,1,0,1
BRDA:53,1,1,3
DA:53,1
DA:56,3
DA:56,3
BRDA:56,2,0,1
BRDA:56,2,1,2
DA:56,1
DA:59,2
DA:59,2
DA:61,2
DA:61,2
DA:61,2
FN:65,LimitedNFT.mint
FNDA:27,LimitedNFT.mint
DA:66,27
DA:66,27
BRDA:66,3,0,1
BRDA:66,3,1,26
DA:66,1
DA:68,26
DA:68,26
DA:68,26
FN:72,LimitedNFT.withdraw
FNDA:2,LimitedNFT.withdraw
DA:73,2
DA:73,2
BRDA:73,4,0,1
BRDA:73,4,1,1
DA:73,1
DA:74,1
DA:74,1
FN:79,LimitedNFT._mint
FNDA:28,LimitedNFT._mint
DA:81,28
DA:81,28
BRDA:81,5,0,1
BRDA:81,5,1,27
DA:81,1
DA:83,27
DA:83,27
DA:84,27
DA:84,27
DA:85,27
DA:85,27
DA:87,27
DA:87,27
FN:92,LimitedNFT.supportsInterface
FNDA:3,LimitedNFT.supportsInterface
DA:93,3
DA:93,3
DA:93,3
FNF:5
FNH:5
LF:17
LH:17
BRF:12
BRH:12
end_of_record
TN:
SF:src/week2/hw4-ecosystem1/RewardToken.sol
FN:10,RewardToken.mint
FNDA:5,RewardToken.mint
DA:11,5
DA:11,5
DA:11,5
BRDA:11,0,0,1
BRDA:11,0,1,4
DA:11,1
DA:12,4
DA:12,4
FNF:1
FNH:1
LF:2
LH:2
BRF:2
BRH:2
end_of_record
TN:
SF:src/week2/hw4-ecosystem1/Staking.sol
FN:49,Staking.stake
FNDA:6,Staking.stake
DA:51,6
DA:51,6
DA:51,6
DA:58,6
DA:58,6
DA:61,6
DA:61,6
DA:63,5
DA:63,5
FN:67,Staking.unstake
FNDA:3,Staking.unstake
DA:69,3
DA:69,3
BRDA:69,0,0,1
BRDA:69,0,1,2
DA:69,1
DA:71,2
DA:71,2
DA:74,2
DA:74,2
DA:77,2
DA:77,2
DA:79,2
DA:79,2
FN:83,Staking.withdraw
FNDA:2,Staking.withdraw
DA:84,2
DA:84,2
DA:85,2
DA:85,2
FN:89,Staking.withdraw
FNDA:3,Staking.withdraw
DA:90,3
DA:90,3
DA:91,3
DA:91,3
FN:95,Staking.credits
FNDA:8,Staking.credits
DA:96,8
DA:96,8
DA:97,8
DA:97,8
FN:100,Staking.onERC721Received
FNDA:5,Staking.onERC721Received
DA:106,5
DA:106,5
FN:111,Staking._updateCredits
FNDA:15,Staking._updateCredits
DA:112,15
DA:112,15
DA:116,15
DA:116,15
BRDA:116,1,0,2
BRDA:116,1,1,13
DA:116,2
DA:119,13
DA:119,13
DA:119,13
DA:122,13
DA:122,13
BRDA:122,2,0,5
BRDA:122,2,1,13
DA:124,5
DA:124,5
DA:124,5
DA:127,5
DA:127,5
DA:127,5
DA:130,5
DA:130,5
DA:133,5
DA:133,5
DA:137,5
DA:137,5
FN:141,Staking._withdraw
FNDA:5,Staking._withdraw
DA:142,5
DA:142,5
DA:145,5
DA:145,5
BRDA:145,3,0,1
BRDA:145,3,1,4
DA:145,1
DA:148,4
DA:148,4
BRDA:148,4,0,1
BRDA:148,4,1,3
DA:148,1
DA:151,3
DA:151,3
DA:154,3
DA:154,3
DA:156,3
DA:156,3
FNF:8
FNH:8
LF:31
LH:31
BRF:10
BRH:10
end_of_record
TN:
SF:src/week2/hw5-ecosystem2/CheckPrime.sol
FN:14,CheckPrime.check
FNDA:3,CheckPrime.check
DA:15,3
DA:15,3
DA:15,3
DA:16,3
DA:16,3
DA:17,3
DA:17,3
DA:18,3
DA:18,3
BRDA:18,0,0,3
BRDA:18,0,1,17
DA:19,3
DA:19,3
DA:19,3
DA:20,20
DA:20,20
DA:20,20
DA:22,20
DA:22,20
BRDA:22,1,0,8
BRDA:22,1,1,20
DA:24,8
DA:24,8
DA:28,20
DA:28,20
BRDA:28,2,0,3
BRDA:28,2,1,17
DA:29,3
DA:29,3
DA:33,17
DA:33,17
DA:38,3
DA:38,3
FN:46,CheckPrime.isPrime
FNDA:21,CheckPrime.isPrime
DA:47,41
DA:47,41
BRDA:47,3,0,4
BRDA:47,3,1,37
DA:48,4
DA:48,4
DA:51,37
DA:51,37
BRDA:51,4,0,2
BRDA:51,4,1,35
DA:52,2
DA:52,2
DA:55,35
DA:55,35
DA:55,35
BRDA:55,5,0,17
BRDA:55,5,1,18
DA:56,17
DA:56,17
DA:59,18
DA:59,18
BRDA:59,6,0,6
BRDA:59,6,1,12
DA:60,6
DA:60,6
DA:63,12
DA:63,12
DA:63,12
DA:63,12
DA:63,12
DA:63,8
DA:63,8
DA:63,8
DA:63,8
BRDA:63,7,0,4
BRDA:63,7,1,8
DA:64,4
DA:64,4
DA:66,8
DA:66,8
FNF:2
FNH:2
LF:23
LH:23
BRF:16
BRH:16
end_of_record
TN:
SF:src/week2/hw5-ecosystem2/EnumerableNFT.sol
FN:14,EnumerableNFT.mint
FNDA:60,EnumerableNFT.mint
DA:16,60
DA:16,60
DA:16,60
DA:16,60
BRDA:16,0,0,-
BRDA:16,0,1,60
DA:16,0
DA:18,60
DA:18,60
DA:18,60
DA:19,60
DA:19,60
DA:21,60
DA:21,60
FNF:1
FNH:1
LF:4
LH:4
BRF:2
BRH:1
end_of_record
TN:
SF:src/week2/hw6-CFTs/Overmint1.sol
FN:13,Overmint1.mint
FNDA:5,Overmint1.mint
DA:14,5
DA:14,5
BRDA:14,0,0,-
BRDA:14,0,1,5
DA:15,5
DA:15,5
DA:16,5
DA:16,5
DA:17,5
DA:17,5
FN:20,Overmint1.success
FNDA:5,Overmint1.success
DA:21,5
DA:21,5
DA:21,5
DA:21,5
FNF:2
FNH:2
LF:5
LH:5
BRF:2
BRH:1
end_of_record
TN:
SF:src/week2/hw6-CFTs/Overmint1Attacker.sol
FN:16,Overmint1Attacker.attack
FNDA:1,Overmint1Attacker.attack
DA:17,1
DA:17,1
FN:20,Overmint1Attacker.onERC721Received
FNDA:5,Overmint1Attacker.onERC721Received
DA:26,5
DA:26,5
DA:26,5
DA:27,5
DA:27,5
DA:28,5
DA:28,5
BRDA:28,0,0,-
BRDA:28,0,1,4
DA:29,4
DA:29,4
DA:31,5
DA:31,5
FNF:2
FNH:2
LF:6
LH:6
BRF:2
BRH:1
end_of_record
TN:
SF:src/week2/hw6-CFTs/Overmint2.sol
FN:11,Overmint2.mint
FNDA:5,Overmint2.mint
DA:12,5
DA:12,5
BRDA:12,0,0,-
BRDA:12,0,1,5
DA:13,5
DA:13,5
DA:14,5
DA:14,5
FN:17,Overmint2.success
FNDA:1,Overmint2.success
DA:18,1
DA:18,1
DA:18,1
DA:18,1
FNF:2
FNH:2
LF:4
LH:4
BRF:2
BRH:1
end_of_record
TN:
SF:src/week2/hw6-CFTs/Overmint2Accomplice.sol
FN:18,Overmint2Accomplice.finish
FNDA:1,Overmint2Accomplice.finish
DA:20,1
DA:20,1
DA:21,1
DA:21,1
DA:21,6
DA:21,5
DA:22,5
DA:22,5
FNF:1
FNH:1
LF:3
LH:3
BRF:0
BRH:0
end_of_record
TN:
SF:src/week2/hw6-CFTs/Overmint2Attacker.sol
FN:17,Overmint2Attacker.attack
FNDA:1,Overmint2Attacker.attack
DA:19,1
DA:19,1
DA:22,1
DA:22,1
DA:22,6
DA:22,5
DA:23,5
DA:23,5
DA:24,5
DA:24,5
DA:28,1
DA:28,1
FNF:1
FNH:1
LF:5
LH:5
BRF:0
BRH:0
end_of_record
TN:
SF:src/week3-5-uniswap/Factory.sol
FN:21,Factory.createPair
FNDA:1,Factory.createPair
DA:26,1
DA:26,1
BRDA:26,0,0,-
BRDA:26,0,1,1
DA:27,0
DA:27,0
DA:31,1
DA:31,1
DA:31,1
DA:36,1
DA:36,1
DA:36,1
BRDA:36,1,0,-
BRDA:36,1,1,1
DA:37,0
DA:37,0
DA:41,1
DA:41,1
DA:41,1
BRDA:41,2,0,-
BRDA:41,2,1,1
DA:42,0
DA:42,0
DA:46,1
DA:46,1
DA:46,1
DA:47,1
DA:47,1
DA:50,1
DA:50,1
DA:51,1
DA:51,1
DA:52,1
DA:52,1
DA:55,1
DA:55,1
FNF:1
FNH:1
LF:13
LH:10
BRF:6
BRH:3
end_of_record
TN:
SF:src/week3-5-uniswap/Pair.sol
FN:87,Pair.name
FNDA:0,Pair.name
DA:88,0
DA:88,0
FN:91,Pair.symbol
FNDA:0,Pair.symbol
DA:92,0
DA:92,0
FN:95,Pair.getReserves
FNDA:2,Pair.getReserves
DA:100,55
DA:100,55
DA:101,55
DA:101,55
DA:102,55
DA:102,55
FN:115,Pair.burn
FNDA:3,Pair.burn
DA:122,3
DA:122,3
DA:122,3
DA:123,3
DA:123,3
DA:124,3
DA:124,3
DA:125,3
DA:125,3
DA:125,3
DA:126,3
DA:126,3
DA:126,3
DA:127,3
DA:127,3
DA:127,3
DA:146,3
DA:146,3
DA:146,3
DA:147,3
DA:147,3
DA:148,3
DA:148,3
DA:149,3
DA:149,3
DA:149,3
DA:149,0
BRDA:149,0,0,-
BRDA:149,0,1,3
DA:150,0
DA:150,0
DA:154,3
DA:154,3
DA:154,3
DA:154,2
BRDA:154,1,0,1
BRDA:154,1,1,2
DA:155,1
DA:155,1
DA:158,2
DA:158,2
DA:159,2
DA:159,2
DA:160,2
DA:160,2
DA:161,2
DA:161,2
DA:162,2
DA:162,2
DA:164,2
DA:164,2
DA:166,2
DA:166,2
FN:169,Pair.mint
FNDA:22,Pair.mint
DA:174,22
DA:174,22
DA:174,22
DA:178,22
DA:178,22
DA:178,22
DA:179,22
DA:179,22
DA:179,22
DA:182,22
DA:182,22
DA:183,22
DA:183,22
DA:186,22
DA:186,22
DA:187,22
DA:187,22
DA:192,22
DA:192,22
DA:192,22
DA:195,22
DA:195,22
BRDA:195,2,0,22
BRDA:195,2,1,-
DA:200,22
DA:200,22
DA:205,22
DA:205,22
DA:212,0
DA:212,0
DA:212,0
DA:213,0
DA:213,0
DA:213,0
DA:216,0
DA:216,0
DA:220,22
DA:220,22
BRDA:220,3,0,-
BRDA:220,3,1,22
DA:221,0
DA:221,0
DA:225,22
DA:225,22
BRDA:225,4,0,1
BRDA:225,4,1,21
DA:226,1
DA:226,1
DA:230,21
DA:230,21
DA:233,21
DA:233,21
DA:238,21
DA:238,21
FN:241,Pair.swapWithSlippage
FNDA:2,Pair.swapWithSlippage
DA:242,2
DA:242,2
DA:243,2
DA:243,2
DA:244,2
DA:244,2
DA:245,2
DA:245,2
DA:248,2
DA:248,2
DA:248,2
DA:251,2
DA:251,2
DA:251,2
DA:251,2
BRDA:251,5,0,-
BRDA:251,5,1,2
DA:252,0
DA:252,0
DA:256,2
DA:256,2
DA:257,2
DA:257,2
DA:263,2
DA:263,2
DA:263,2
DA:264,2
DA:264,2
DA:264,2
DA:269,2
DA:269,2
DA:270,2
DA:270,2
DA:271,2
DA:271,2
DA:275,2
DA:275,2
DA:276,2
DA:276,2
DA:280,2
DA:280,2
DA:280,2
DA:280,1
BRDA:280,6,0,-
BRDA:280,6,1,2
DA:281,0
DA:281,0
DA:285,2
DA:285,2
DA:285,2
DA:285,1
BRDA:285,7,0,-
BRDA:285,7,1,2
DA:286,0
DA:286,0
DA:290,2
DA:290,2
BRDA:290,8,0,1
BRDA:290,8,1,1
DA:291,1
DA:291,1
DA:292,1
DA:292,1
DA:293,1
DA:293,1
DA:294,1
DA:294,1
DA:296,1
DA:296,1
DA:297,1
DA:297,1
DA:298,1
DA:298,1
DA:305,2
DA:305,2
DA:306,2
DA:306,2
DA:307,2
DA:307,2
DA:309,2
DA:309,2
BRDA:309,9,0,-
BRDA:309,9,1,2
DA:310,0
DA:310,0
DA:314,2
DA:314,2
BRDA:314,10,0,1
BRDA:314,10,1,2
DA:315,1
DA:315,1
DA:316,1
DA:316,1
DA:320,2
DA:320,2
FN:323,Pair.swap
FNDA:24,Pair.swap
DA:329,26
DA:329,26
DA:329,26
DA:329,16
BRDA:329,11,0,-
BRDA:329,11,1,26
DA:330,0
DA:330,0
DA:334,26
DA:334,26
DA:334,26
DA:336,26
DA:336,26
DA:336,26
DA:336,26
BRDA:336,12,0,-
BRDA:336,12,1,26
DA:337,0
DA:337,0
DA:340,26
DA:340,26
DA:341,26
DA:341,26
DA:349,26
DA:349,26
DA:350,26
DA:350,26
DA:353,26
DA:353,26
DA:353,26
DA:353,26
BRDA:353,13,0,-
BRDA:353,13,1,26
DA:354,0
DA:354,0
DA:358,26
DA:358,26
BRDA:358,14,0,10
BRDA:358,14,1,26
DA:359,10
DA:359,10
DA:361,26
DA:361,26
BRDA:361,15,0,16
BRDA:361,15,1,26
DA:362,16
DA:362,16
DA:366,26
DA:366,26
DA:367,26
DA:367,26
DA:371,26
DA:371,26
DA:371,26
DA:374,26
DA:374,26
DA:374,26
DA:379,26
DA:379,26
DA:379,26
DA:379,2
BRDA:379,16,0,-
BRDA:379,16,1,26
DA:380,0
DA:380,0
DA:390,26
DA:390,26
DA:390,26
DA:391,26
DA:391,26
DA:391,26
DA:396,26
DA:396,26
DA:396,26
DA:397,26
DA:397,26
DA:397,26
DA:397,26
DA:397,26
BRDA:395,17,0,11
BRDA:395,17,1,15
DA:399,11
DA:399,11
DA:404,15
DA:404,15
DA:406,15
DA:406,15
FN:413,Pair.maxFlashLoan
FNDA:2,Pair.maxFlashLoan
DA:415,2
DA:415,2
DA:415,2
DA:415,1
BRDA:415,18,0,1
BRDA:415,18,1,1
DA:416,1
DA:416,1
DA:420,1
DA:420,1
FN:430,Pair.flashFee
FNDA:2,Pair.flashFee
DA:435,2
DA:435,2
DA:435,2
DA:435,1
BRDA:435,19,0,1
BRDA:435,19,1,1
DA:436,1
DA:436,1
DA:440,1
DA:440,1
FN:443,Pair.flashLoan
FNDA:0,Pair.flashLoan
DA:450,0
DA:450,0
DA:450,0
BRDA:450,20,0,-
BRDA:450,20,1,-
DA:451,0
DA:451,0
DA:454,0
DA:454,0
DA:454,0
DA:455,0
DA:455,0
DA:455,0
DA:458,0
DA:458,0
BRDA:458,21,0,-
BRDA:458,21,1,-
DA:459,0
DA:459,0
DA:463,0
DA:463,0
DA:463,0
DA:470,0
DA:470,0
BRDA:470,22,0,-
BRDA:470,22,1,-
DA:471,0
DA:471,0
DA:475,0
DA:475,0
DA:475,0
DA:476,0
DA:476,0
DA:476,0
BRDA:476,23,0,-
BRDA:476,23,1,-
DA:477,0
DA:477,0
DA:480,0
DA:480,0
FN:485,Pair._safeTransfer
FNDA:30,Pair._safeTransfer
DA:486,30
DA:486,30
DA:486,30
DA:493,30
DA:493,30
DA:493,30
BRDA:493,24,0,-
BRDA:493,24,1,30
DA:494,0
DA:494,0
FN:498,Pair._update
FNDA:38,Pair._update
DA:505,38
DA:505,38
DA:505,38
DA:505,38
BRDA:505,25,0,-
BRDA:505,25,1,38
DA:506,0
DA:506,0
DA:510,38
DA:510,38
DA:510,38
DA:515,38
DA:515,38
DA:517,38
DA:517,38
DA:522,38
DA:522,38
DA:522,38
DA:522,38
DA:522,21
DA:522,0
BRDA:522,26,0,-
BRDA:522,26,1,38
DA:526,0
DA:526,0
DA:529,0
DA:529,0
DA:536,38
DA:536,38
DA:537,38
DA:537,38
DA:538,38
DA:538,38
DA:540,38
DA:540,38
FNF:12
FNH:9
LF:145
LH:113
BRF:54
BRH:32
end_of_record
TN:
SF:src/week3-5-uniswap/UQ112x112.sol
FN:13,UQ112x112.encode
FNDA:0,UQ112x112.encode
DA:15,0
DA:15,0
FN:20,UQ112x112.uqdiv
FNDA:0,UQ112x112.uqdiv
DA:21,0
DA:21,0
FNF:2
FNH:0
LF:2
LH:0
BRF:0
BRH:0
end_of_record
TN:
SF:test/week3-5-uniswap/Pair.t.sol
FN:481,FlashBorrowerBadRepayment.onFlashLoan
FNDA:0,FlashBorrowerBadRepayment.onFlashLoan
DA:488,0
DA:488,0
DA:489,0
DA:489,0
DA:489,0
FN:452,FlashBorrower.onFlashLoan
FNDA:0,FlashBorrower.onFlashLoan
DA:459,0
DA:459,0
DA:460,0
DA:460,0
DA:461,0
DA:461,0
DA:462,0
DA:462,0
DA:463,0
DA:463,0
DA:464,0
DA:464,0
DA:465,0
DA:465,0
DA:466,0
DA:466,0
DA:466,0
FN:471,FlashBorrowerBadReturnValue.onFlashLoan
FNDA:0,FlashBorrowerBadReturnValue.onFlashLoan
FNF:3
FNH:0
LF:10
LH:0
BRF:0
BRH:0
end_of_record
TN:
SF:test/week3-5-uniswap/TestToken.sol
FN:7,TestToken.name
FNDA:0,TestToken.name
DA:8,0
DA:8,0
FN:11,TestToken.symbol
FNDA:0,TestToken.symbol
DA:12,0
DA:12,0
FN:15,TestToken.mint
FNDA:48,TestToken.mint
DA:16,48
DA:16,48
FNF:3
FNH:1
LF:3
LH:1
BRF:0
BRH:0
end_of_record
